Generated at 2022-02-05 17:26:14 +0000
Chef::Exceptions::FileNotFound: template[/etc/apache2/ports.conf] (webserver::install_apache line 9) had an error: Chef::Exceptions::FileNotFound: Cookbook 'webserver' (0.0.0) does not contain a file at any of these locations:
  templates/host-chef/ports.conf.erb
  templates/ubuntu-20.04/ports.conf.erb
  templates/ubuntu/ports.conf.erb
  templates/default/ports.conf.erb
  templates/ports.conf.erb
/opt/chef/embedded/lib/ruby/gems/3.0.0/gems/chef-17.9.42/lib/chef/cookbook_version.rb:298:in `preferred_manifest_record'
/opt/chef/embedded/lib/ruby/gems/3.0.0/gems/chef-17.9.42/lib/chef/cookbook_version.rb:306:in `preferred_filename_on_disk_location'
/opt/chef/embedded/lib/ruby/gems/3.0.0/gems/chef-17.9.42/lib/chef/provider/template_finder.rb:40:in `find'
/opt/chef/embedded/lib/ruby/gems/3.0.0/gems/chef-17.9.42/lib/chef/provider/template/content.rb:32:in `template_location'
/opt/chef/embedded/lib/ruby/gems/3.0.0/gems/chef-17.9.42/lib/chef/provider/template.rb:43:in `block in define_resource_requirements'
/opt/chef/embedded/lib/ruby/gems/3.0.0/gems/chef-17.9.42/lib/chef/mixin/why_run.rb:315:in `assert'
/opt/chef/embedded/lib/ruby/gems/3.0.0/gems/chef-17.9.42/lib/chef/provider/template.rb:41:in `define_resource_requirements'
/opt/chef/embedded/lib/ruby/gems/3.0.0/gems/chef-17.9.42/lib/chef/provider.rb:232:in `run_action'
/opt/chef/embedded/lib/ruby/gems/3.0.0/gems/chef-17.9.42/lib/chef/resource.rb:600:in `block in run_action'
/opt/chef/embedded/lib/ruby/gems/3.0.0/gems/chef-17.9.42/lib/chef/resource.rb:627:in `with_umask'
/opt/chef/embedded/lib/ruby/gems/3.0.0/gems/chef-17.9.42/lib/chef/resource.rb:599:in `run_action'
/opt/chef/embedded/lib/ruby/gems/3.0.0/gems/chef-17.9.42/lib/chef/runner.rb:74:in `run_action'
/opt/chef/embedded/lib/ruby/gems/3.0.0/gems/chef-17.9.42/lib/chef/runner.rb:108:in `block in run_all_actions'
/opt/chef/embedded/lib/ruby/gems/3.0.0/gems/chef-17.9.42/lib/chef/runner.rb:108:in `each'
/opt/chef/embedded/lib/ruby/gems/3.0.0/gems/chef-17.9.42/lib/chef/runner.rb:108:in `run_all_actions'
/opt/chef/embedded/lib/ruby/gems/3.0.0/gems/chef-17.9.42/lib/chef/runner.rb:132:in `block in converge'
/opt/chef/embedded/lib/ruby/gems/3.0.0/gems/chef-17.9.42/lib/chef/resource_collection/resource_list.rb:96:in `block in execute_each_resource'
/opt/chef/embedded/lib/ruby/gems/3.0.0/gems/chef-17.9.42/lib/chef/resource_collection/stepable_iterator.rb:114:in `call_iterator_block'
/opt/chef/embedded/lib/ruby/gems/3.0.0/gems/chef-17.9.42/lib/chef/resource_collection/stepable_iterator.rb:85:in `step'
/opt/chef/embedded/lib/ruby/gems/3.0.0/gems/chef-17.9.42/lib/chef/resource_collection/stepable_iterator.rb:103:in `iterate'
/opt/chef/embedded/lib/ruby/gems/3.0.0/gems/chef-17.9.42/lib/chef/resource_collection/stepable_iterator.rb:54:in `each_with_index'
/opt/chef/embedded/lib/ruby/gems/3.0.0/gems/chef-17.9.42/lib/chef/resource_collection/resource_list.rb:94:in `execute_each_resource'
/opt/chef/embedded/lib/ruby/3.0.0/forwardable.rb:238:in `execute_each_resource'
/opt/chef/embedded/lib/ruby/gems/3.0.0/gems/chef-17.9.42/lib/chef/runner.rb:130:in `converge'
/opt/chef/embedded/lib/ruby/gems/3.0.0/gems/chef-17.9.42/lib/chef/client.rb:686:in `block in converge'
/opt/chef/embedded/lib/ruby/gems/3.0.0/gems/chef-17.9.42/lib/chef/client.rb:681:in `catch'
/opt/chef/embedded/lib/ruby/gems/3.0.0/gems/chef-17.9.42/lib/chef/client.rb:681:in `converge'
/opt/chef/embedded/lib/ruby/gems/3.0.0/gems/chef-17.9.42/lib/chef/client.rb:705:in `converge_and_save'
/opt/chef/embedded/lib/ruby/gems/3.0.0/gems/chef-17.9.42/lib/chef/client.rb:285:in `run'
/opt/chef/embedded/lib/ruby/gems/3.0.0/gems/chef-17.9.42/lib/chef/application.rb:305:in `run_with_graceful_exit_option'
/opt/chef/embedded/lib/ruby/gems/3.0.0/gems/chef-17.9.42/lib/chef/application.rb:281:in `block in run_chef_client'
/opt/chef/embedded/lib/ruby/gems/3.0.0/gems/chef-17.9.42/lib/chef/local_mode.rb:42:in `with_server_connectivity'
/opt/chef/embedded/lib/ruby/gems/3.0.0/gems/chef-17.9.42/lib/chef/application.rb:264:in `run_chef_client'
/opt/chef/embedded/lib/ruby/gems/3.0.0/gems/chef-17.9.42/lib/chef/application/base.rb:352:in `run_application'
/opt/chef/embedded/lib/ruby/gems/3.0.0/gems/chef-17.9.42/lib/chef/application.rb:67:in `run'
/opt/chef/embedded/lib/ruby/gems/3.0.0/gems/chef-17.9.42/lib/chef/application/solo.rb:60:in `run'
/opt/chef/embedded/lib/ruby/gems/3.0.0/gems/chef-bin-17.9.42/bin/chef-solo:24:in `<top (required)>'
/usr/bin/chef-solo:160:in `load'
/usr/bin/chef-solo:160:in `<main>'

>>>> Caused by Chef::Exceptions::FileNotFound: Cookbook 'webserver' (0.0.0) does not contain a file at any of these locations:
  templates/host-chef/ports.conf.erb
  templates/ubuntu-20.04/ports.conf.erb
  templates/ubuntu/ports.conf.erb
  templates/default/ports.conf.erb
  templates/ports.conf.erb
/opt/chef/embedded/lib/ruby/gems/3.0.0/gems/chef-17.9.42/lib/chef/cookbook_version.rb:298:in `preferred_manifest_record'
/opt/chef/embedded/lib/ruby/gems/3.0.0/gems/chef-17.9.42/lib/chef/cookbook_version.rb:306:in `preferred_filename_on_disk_location'
/opt/chef/embedded/lib/ruby/gems/3.0.0/gems/chef-17.9.42/lib/chef/provider/template_finder.rb:40:in `find'
/opt/chef/embedded/lib/ruby/gems/3.0.0/gems/chef-17.9.42/lib/chef/provider/template/content.rb:32:in `template_location'
/opt/chef/embedded/lib/ruby/gems/3.0.0/gems/chef-17.9.42/lib/chef/provider/template.rb:43:in `block in define_resource_requirements'
/opt/chef/embedded/lib/ruby/gems/3.0.0/gems/chef-17.9.42/lib/chef/mixin/why_run.rb:315:in `assert'
/opt/chef/embedded/lib/ruby/gems/3.0.0/gems/chef-17.9.42/lib/chef/provider/template.rb:41:in `define_resource_requirements'
/opt/chef/embedded/lib/ruby/gems/3.0.0/gems/chef-17.9.42/lib/chef/provider.rb:232:in `run_action'
/opt/chef/embedded/lib/ruby/gems/3.0.0/gems/chef-17.9.42/lib/chef/resource.rb:600:in `block in run_action'
/opt/chef/embedded/lib/ruby/gems/3.0.0/gems/chef-17.9.42/lib/chef/resource.rb:627:in `with_umask'
/opt/chef/embedded/lib/ruby/gems/3.0.0/gems/chef-17.9.42/lib/chef/resource.rb:599:in `run_action'
/opt/chef/embedded/lib/ruby/gems/3.0.0/gems/chef-17.9.42/lib/chef/runner.rb:74:in `run_action'
/opt/chef/embedded/lib/ruby/gems/3.0.0/gems/chef-17.9.42/lib/chef/runner.rb:108:in `block in run_all_actions'
/opt/chef/embedded/lib/ruby/gems/3.0.0/gems/chef-17.9.42/lib/chef/runner.rb:108:in `each'
/opt/chef/embedded/lib/ruby/gems/3.0.0/gems/chef-17.9.42/lib/chef/runner.rb:108:in `run_all_actions'
/opt/chef/embedded/lib/ruby/gems/3.0.0/gems/chef-17.9.42/lib/chef/runner.rb:132:in `block in converge'
/opt/chef/embedded/lib/ruby/gems/3.0.0/gems/chef-17.9.42/lib/chef/resource_collection/resource_list.rb:96:in `block in execute_each_resource'
/opt/chef/embedded/lib/ruby/gems/3.0.0/gems/chef-17.9.42/lib/chef/resource_collection/stepable_iterator.rb:114:in `call_iterator_block'
/opt/chef/embedded/lib/ruby/gems/3.0.0/gems/chef-17.9.42/lib/chef/resource_collection/stepable_iterator.rb:85:in `step'
/opt/chef/embedded/lib/ruby/gems/3.0.0/gems/chef-17.9.42/lib/chef/resource_collection/stepable_iterator.rb:103:in `iterate'
/opt/chef/embedded/lib/ruby/gems/3.0.0/gems/chef-17.9.42/lib/chef/resource_collection/stepable_iterator.rb:54:in `each_with_index'
/opt/chef/embedded/lib/ruby/gems/3.0.0/gems/chef-17.9.42/lib/chef/resource_collection/resource_list.rb:94:in `execute_each_resource'
/opt/chef/embedded/lib/ruby/3.0.0/forwardable.rb:238:in `execute_each_resource'
/opt/chef/embedded/lib/ruby/gems/3.0.0/gems/chef-17.9.42/lib/chef/runner.rb:130:in `converge'
/opt/chef/embedded/lib/ruby/gems/3.0.0/gems/chef-17.9.42/lib/chef/client.rb:686:in `block in converge'
/opt/chef/embedded/lib/ruby/gems/3.0.0/gems/chef-17.9.42/lib/chef/client.rb:681:in `catch'
/opt/chef/embedded/lib/ruby/gems/3.0.0/gems/chef-17.9.42/lib/chef/client.rb:681:in `converge'
/opt/chef/embedded/lib/ruby/gems/3.0.0/gems/chef-17.9.42/lib/chef/client.rb:705:in `converge_and_save'
/opt/chef/embedded/lib/ruby/gems/3.0.0/gems/chef-17.9.42/lib/chef/client.rb:285:in `run'
/opt/chef/embedded/lib/ruby/gems/3.0.0/gems/chef-17.9.42/lib/chef/application.rb:305:in `run_with_graceful_exit_option'
/opt/chef/embedded/lib/ruby/gems/3.0.0/gems/chef-17.9.42/lib/chef/application.rb:281:in `block in run_chef_client'
/opt/chef/embedded/lib/ruby/gems/3.0.0/gems/chef-17.9.42/lib/chef/local_mode.rb:42:in `with_server_connectivity'
/opt/chef/embedded/lib/ruby/gems/3.0.0/gems/chef-17.9.42/lib/chef/application.rb:264:in `run_chef_client'
/opt/chef/embedded/lib/ruby/gems/3.0.0/gems/chef-17.9.42/lib/chef/application/base.rb:352:in `run_application'
/opt/chef/embedded/lib/ruby/gems/3.0.0/gems/chef-17.9.42/lib/chef/application.rb:67:in `run'
/opt/chef/embedded/lib/ruby/gems/3.0.0/gems/chef-17.9.42/lib/chef/application/solo.rb:60:in `run'
/opt/chef/embedded/lib/ruby/gems/3.0.0/gems/chef-bin-17.9.42/bin/chef-solo:24:in `<top (required)>'
/usr/bin/chef-solo:160:in `load'
/usr/bin/chef-solo:160:in `<main>'